<?xml version="1.0" encoding="UTF-8"?>
<!-- Generated by org.testng.reporters.JUnitReportReporter -->
<testsuite hostname="Digvijay" failures="0" tests="1" name="com.creatio.crm.api.tests.PerformanceTest" time="0.912" errors="1" timestamp="2025-03-06T18:46:34 IST" skipped="0">
  <testcase classname="com.creatio.crm.api.tests.PerformanceTest" name="runJmeterTest" time="0.912">
    <error message="Problem loading XML from:&#039;C:\AutomationTraining\CreatioCRMTesNG\src\test\resources\jmeter\PerformanceTest.jmx&#039;. 
Cause:
CannotResolveClassException: org.apache.jmeter.protocol.http.sampler.HTTPSamplerProxy

 Detail:com.thoughtworks.xstream.converters.ConversionException: 
---- Debugging information ----
cause-exception     : com.thoughtworks.xstream.converters.ConversionException
cause-message       : 
first-jmeter-class  : org.apache.jmeter.save.converters.HashTreeConverter.unmarshal(HashTreeConverter.java:66)
class               : org.apache.jmeter.save.ScriptWrapper
required-type       : org.apache.jmeter.save.ScriptWrapper
converter-type      : org.apache.jmeter.save.ScriptWrapperConverter
path                : /jmeterTestPlan/hashTree/hashTree/hashTree/HTTPSamplerProxy
line number         : 24
version             : 5.6.3
-------------------------------" type="java.lang.IllegalArgumentException">
      <![CDATA[java.lang.IllegalArgumentException: Problem loading XML from:'C:\AutomationTraining\CreatioCRMTesNG\src\test\resources\jmeter\PerformanceTest.jmx'. 
Cause:
CannotResolveClassException: org.apache.jmeter.protocol.http.sampler.HTTPSamplerProxy

 Detail:com.thoughtworks.xstream.converters.ConversionException: 
---- Debugging information ----
cause-exception     : com.thoughtworks.xstream.converters.ConversionException
cause-message       : 
first-jmeter-class  : org.apache.jmeter.save.converters.HashTreeConverter.unmarshal(HashTreeConverter.java:66)
class               : org.apache.jmeter.save.ScriptWrapper
required-type       : org.apache.jmeter.save.ScriptWrapper
converter-type      : org.apache.jmeter.save.ScriptWrapperConverter
path                : /jmeterTestPlan/hashTree/hashTree/hashTree/HTTPSamplerProxy
line number         : 24
version             : 5.6.3
-------------------------------
at org.apache.jmeter.save.SaveService.readTree(SaveService.java:456)
at org.apache.jmeter.save.SaveService.loadTree(SaveService.java:429)
at com.creatio.crm.framework.api.commons.JmeterCommons.runJmeterScript(JmeterCommons.java:40)
at com.creatio.crm.api.tests.PerformanceTest.runJmeterTest(PerformanceTest.java:15)
at java.base/jdk.internal.reflect.DirectMethodHandleAccessor.invoke(DirectMethodHandleAccessor.java:103)
at java.base/java.lang.reflect.Method.invoke(Method.java:580)
at org.testng.internal.MethodInvocationHelper.invokeMethod(MethodInvocationHelper.java:133)
at org.testng.internal.TestInvoker.invokeMethod(TestInvoker.java:598)
at org.testng.internal.TestInvoker.invokeTestMethod(TestInvoker.java:173)
at org.testng.internal.MethodRunner.runInSequence(MethodRunner.java:46)
at org.testng.internal.TestInvoker$MethodInvocationAgent.invoke(TestInvoker.java:824)
at org.testng.internal.TestInvoker.invokeTestMethods(TestInvoker.java:146)
at org.testng.internal.TestMethodWorker.invokeTestMethods(TestMethodWorker.java:146)
at org.testng.internal.TestMethodWorker.run(TestMethodWorker.java:128)
at java.base/java.util.ArrayList.forEach(ArrayList.java:1597)
at org.testng.TestRunner.privateRun(TestRunner.java:794)
at org.testng.TestRunner.run(TestRunner.java:596)
at org.testng.SuiteRunner.runTest(SuiteRunner.java:377)
at org.testng.SuiteRunner.runSequentially(SuiteRunner.java:371)
at org.testng.SuiteRunner.privateRun(SuiteRunner.java:332)
at org.testng.SuiteRunner.run(SuiteRunner.java:276)
at org.testng.SuiteRunnerWorker.runSuite(SuiteRunnerWorker.java:53)
at org.testng.SuiteRunnerWorker.run(SuiteRunnerWorker.java:96)
at org.testng.TestNG.runSuitesSequentially(TestNG.java:1212)
at org.testng.TestNG.runSuitesLocally(TestNG.java:1134)
at org.testng.TestNG.runSuites(TestNG.java:1063)
at org.testng.TestNG.run(TestNG.java:1031)
at org.testng.remote.AbstractRemoteTestNG.run(AbstractRemoteTestNG.java:115)
at org.testng.remote.RemoteTestNG.initAndRun(RemoteTestNG.java:293)
at org.testng.remote.RemoteTestNG.main(RemoteTestNG.java:91)
Caused by: com.thoughtworks.xstream.converters.ConversionException: 
---- Debugging information ----
cause-exception     : com.thoughtworks.xstream.converters.ConversionException
cause-message       : 
first-jmeter-class  : org.apache.jmeter.save.converters.HashTreeConverter.unmarshal(HashTreeConverter.java:66)
class               : org.apache.jmeter.save.ScriptWrapper
required-type       : org.apache.jmeter.save.ScriptWrapper
converter-type      : org.apache.jmeter.save.ScriptWrapperConverter
path                : /jmeterTestPlan/hashTree/hashTree/hashTree/HTTPSamplerProxy
line number         : 24
version             : 5.6.3
-------------------------------
at org.apache.jmeter.save.ScriptWrapperConverter.createConversionException(ScriptWrapperConverter.java:101)
at org.apache.jmeter.save.ScriptWrapperConverter.unmarshal(ScriptWrapperConverter.java:95)
at com.thoughtworks.xstream.core.TreeUnmarshaller.convert(TreeUnmarshaller.java:74)
at com.thoughtworks.xstream.core.AbstractReferenceUnmarshaller.convert(AbstractReferenceUnmarshaller.java:72)
at com.thoughtworks.xstream.core.TreeUnmarshaller.convertAnother(TreeUnmarshaller.java:68)
at com.thoughtworks.xstream.core.TreeUnmarshaller.convertAnother(TreeUnmarshaller.java:52)
at com.thoughtworks.xstream.core.TreeUnmarshaller.start(TreeUnmarshaller.java:136)
at com.thoughtworks.xstream.core.AbstractTreeMarshallingStrategy.unmarshal(AbstractTreeMarshallingStrategy.java:32)
at com.thoughtworks.xstream.XStream.unmarshal(XStream.java:1464)
at com.thoughtworks.xstream.XStream.unmarshal(XStream.java:1441)
at com.thoughtworks.xstream.XStream.fromXML(XStream.java:1321)
at org.apache.jmeter.save.SaveService.readTree(SaveService.java:446)
... 29 more
Caused by: com.thoughtworks.xstream.converters.ConversionException: 
---- Debugging information ----
cause-exception     : com.thoughtworks.xstream.mapper.CannotResolveClassException
cause-message       : org.apache.jmeter.protocol.http.sampler.HTTPSamplerProxy
class               : org.apache.jorphan.collections.ListedHashTree
required-type       : org.apache.jorphan.collections.ListedHashTree
converter-type      : org.apache.jmeter.save.converters.HashTreeConverter
path                : /jmeterTestPlan/hashTree/hashTree/hashTree/HTTPSamplerProxy
line number         : 24
-------------------------------
at com.thoughtworks.xstream.core.TreeUnmarshaller.convert(TreeUnmarshaller.java:81)
at com.thoughtworks.xstream.core.AbstractReferenceUnmarshaller.convert(AbstractReferenceUnmarshaller.java:72)
at com.thoughtworks.xstream.core.TreeUnmarshaller.convertAnother(TreeUnmarshaller.java:68)
at com.thoughtworks.xstream.core.TreeUnmarshaller.convertAnother(TreeUnmarshaller.java:52)
at com.thoughtworks.xstream.converters.collections.AbstractCollectionConverter.readBareItem(AbstractCollectionConverter.java:132)
at org.apache.jmeter.save.converters.HashTreeConverter.unmarshal(HashTreeConverter.java:66)
at com.thoughtworks.xstream.core.TreeUnmarshaller.convert(TreeUnmarshaller.java:74)
at com.thoughtworks.xstream.core.AbstractReferenceUnmarshaller.convert(AbstractReferenceUnmarshaller.java:72)
at com.thoughtworks.xstream.core.TreeUnmarshaller.convertAnother(TreeUnmarshaller.java:68)
at com.thoughtworks.xstream.core.TreeUnmarshaller.convertAnother(TreeUnmarshaller.java:52)
at com.thoughtworks.xstream.converters.collections.AbstractCollectionConverter.readBareItem(AbstractCollectionConverter.java:132)
at org.apache.jmeter.save.converters.HashTreeConverter.unmarshal(HashTreeConverter.java:66)
at com.thoughtworks.xstream.core.TreeUnmarshaller.convert(TreeUnmarshaller.java:74)
at com.thoughtworks.xstream.core.AbstractReferenceUnmarshaller.convert(AbstractReferenceUnmarshaller.java:72)
at com.thoughtworks.xstream.core.TreeUnmarshaller.convertAnother(TreeUnmarshaller.java:68)
at com.thoughtworks.xstream.core.TreeUnmarshaller.convertAnother(TreeUnmarshaller.java:52)
at org.apache.jmeter.save.ScriptWrapperConverter.unmarshal(ScriptWrapperConverter.java:93)
... 39 more
Caused by: com.thoughtworks.xstream.mapper.CannotResolveClassException: org.apache.jmeter.protocol.http.sampler.HTTPSamplerProxy
at com.thoughtworks.xstream.mapper.DefaultMapper.realClass(DefaultMapper.java:81)
at com.thoughtworks.xstream.mapper.MapperWrapper.realClass(MapperWrapper.java:125)
at com.thoughtworks.xstream.mapper.DynamicProxyMapper.realClass(DynamicProxyMapper.java:55)
at com.thoughtworks.xstream.mapper.MapperWrapper.realClass(MapperWrapper.java:125)
at com.thoughtworks.xstream.mapper.PackageAliasingMapper.realClass(PackageAliasingMapper.java:88)
at com.thoughtworks.xstream.mapper.MapperWrapper.realClass(MapperWrapper.java:125)
at com.thoughtworks.xstream.mapper.ClassAliasingMapper.realClass(ClassAliasingMapper.java:79)
at com.thoughtworks.xstream.mapper.MapperWrapper.realClass(MapperWrapper.java:125)
at com.thoughtworks.xstream.mapper.ArrayMapper.realClass(ArrayMapper.java:74)
at com.thoughtworks.xstream.mapper.MapperWrapper.realClass(MapperWrapper.java:125)
at com.thoughtworks.xstream.mapper.SecurityMapper.realClass(SecurityMapper.java:71)
at com.thoughtworks.xstream.mapper.MapperWrapper.realClass(MapperWrapper.java:125)
at org.apache.jmeter.save.SaveService$XStreamWrapper$1.realClass(SaveService.java:97)
at com.thoughtworks.xstream.mapper.MapperWrapper.realClass(MapperWrapper.java:125)
at com.thoughtworks.xstream.mapper.CachingMapper.realClass(CachingMapper.java:47)
at com.thoughtworks.xstream.core.util.HierarchicalStreams.readClassType(HierarchicalStreams.java:29)
at com.thoughtworks.xstream.converters.collections.AbstractCollectionConverter.readBareItem(AbstractCollectionConverter.java:131)
at org.apache.jmeter.save.converters.HashTreeConverter.unmarshal(HashTreeConverter.java:66)
at com.thoughtworks.xstream.core.TreeUnmarshaller.convert(TreeUnmarshaller.java:74)
... 55 more
]]>
    </error>
  </testcase> <!-- runJmeterTest -->
  <system-out/>
</testsuite> <!-- com.creatio.crm.api.tests.PerformanceTest -->
